{"level":"info","message":"Server running on port http://localhost:4000","timestamp":"2025-01-10T08:36:44.896Z"}
{"level":"info","message":"Swagger docs available at http://localhost:4000/api-docs","timestamp":"2025-01-10T08:36:44.901Z"}
{"code":"EREFUSED","hostname":"_mongodb._tcp.cluster0.jgw8y.mongodb.net","level":"error","message":"MongoDB connection error: querySrv EREFUSED _mongodb._tcp.cluster0.jgw8y.mongodb.net","stack":"Error: querySrv EREFUSED _mongodb._tcp.cluster0.jgw8y.mongodb.net\n    at QueryReqWrap.onresolve [as oncomplete] (node:internal/dns/promises:293:17)","syscall":"querySrv","timestamp":"2025-01-10T08:36:47.154Z"}
{"level":"info","message":"Server running on port http://localhost:4000","timestamp":"2025-01-10T08:39:46.801Z"}
{"level":"info","message":"Swagger docs available at http://localhost:4000/api-docs","timestamp":"2025-01-10T08:39:46.807Z"}
{"level":"info","message":"MongoDB connected","timestamp":"2025-01-10T08:39:50.255Z"}
{"level":"info","message":"Server running on port http://localhost:4000","timestamp":"2025-01-10T09:18:34.003Z"}
{"level":"info","message":"Swagger docs available at http://localhost:4000/api-docs","timestamp":"2025-01-10T09:18:34.012Z"}
{"cause":{"address":"13.203.38.59","code":"ETIMEDOUT","errno":-4039,"port":27017,"syscall":"connect"},"connectionGeneration":0,"level":"error","message":"MongoDB connection error: connect ETIMEDOUT 13.203.38.59:27017","stack":"MongoNetworkError: connect ETIMEDOUT 13.203.38.59:27017\n    at TLSSocket.<anonymous> (D:\\Darshan\\squad_2_backend\\node_modules\\mongodb\\lib\\cmap\\connect.js:285:44)\n    at Object.onceWrapper (node:events:628:26)\n    at TLSSocket.emit (node:events:513:28)\n    at emitErrorNT (node:internal/streams/destroy:170:8)\n    at emitErrorCloseNT (node:internal/streams/destroy:129:3)\n    at process.processTicksAndRejections (node:internal/process/task_queues:90:21)","timestamp":"2025-01-10T09:18:57.993Z"}
{"level":"info","message":"Server running on port http://localhost:4000","timestamp":"2025-01-10T09:19:07.537Z"}
{"level":"info","message":"Swagger docs available at http://localhost:4000/api-docs","timestamp":"2025-01-10T09:19:07.543Z"}
{"level":"info","message":"MongoDB connected","timestamp":"2025-01-10T09:19:12.365Z"}
{"level":"info","message":"Fetching all users","timestamp":"2025-01-10T09:19:40.042Z"}
{"level":"error","message":"Error fetching users: Cannot read properties of undefined (reading 'find')","stack":"TypeError: Cannot read properties of undefined (reading 'find')\n    at getAllPatients (D:\\Darshan\\squad_2_backend\\controllers\\userController.js:56:37)\n    at Layer.handle [as handle_request] (D:\\Darshan\\squad_2_backend\\node_modules\\express\\lib\\router\\layer.js:95:5)\n    at next (D:\\Darshan\\squad_2_backend\\node_modules\\express\\lib\\router\\route.js:149:13)\n    at Route.dispatch (D:\\Darshan\\squad_2_backend\\node_modules\\express\\lib\\router\\route.js:119:3)\n    at Layer.handle [as handle_request] (D:\\Darshan\\squad_2_backend\\node_modules\\express\\lib\\router\\layer.js:95:5)\n    at D:\\Darshan\\squad_2_backend\\node_modules\\express\\lib\\router\\index.js:284:15\n    at Function.process_params (D:\\Darshan\\squad_2_backend\\node_modules\\express\\lib\\router\\index.js:346:12)\n    at next (D:\\Darshan\\squad_2_backend\\node_modules\\express\\lib\\router\\index.js:280:10)\n    at Function.handle (D:\\Darshan\\squad_2_backend\\node_modules\\express\\lib\\router\\index.js:175:3)\n    at router (D:\\Darshan\\squad_2_backend\\node_modules\\express\\lib\\router\\index.js:47:12)","timestamp":"2025-01-10T09:19:40.045Z"}
{"level":"info","message":"Server running on port http://localhost:4000","timestamp":"2025-01-10T09:21:16.696Z"}
{"level":"info","message":"Swagger docs available at http://localhost:4000/api-docs","timestamp":"2025-01-10T09:21:16.702Z"}
{"level":"info","message":"MongoDB connected","timestamp":"2025-01-10T09:21:20.427Z"}
{"level":"info","message":"Fetching all users","timestamp":"2025-01-10T09:22:23.690Z"}
{"level":"error","message":"Error fetching users: Cannot read properties of undefined (reading 'find')","stack":"TypeError: Cannot read properties of undefined (reading 'find')\n    at getAllPatients (D:\\Darshan\\squad_2_backend\\controllers\\userController.js:56:37)\n    at Layer.handle [as handle_request] (D:\\Darshan\\squad_2_backend\\node_modules\\express\\lib\\router\\layer.js:95:5)\n    at next (D:\\Darshan\\squad_2_backend\\node_modules\\express\\lib\\router\\route.js:149:13)\n    at Route.dispatch (D:\\Darshan\\squad_2_backend\\node_modules\\express\\lib\\router\\route.js:119:3)\n    at Layer.handle [as handle_request] (D:\\Darshan\\squad_2_backend\\node_modules\\express\\lib\\router\\layer.js:95:5)\n    at D:\\Darshan\\squad_2_backend\\node_modules\\express\\lib\\router\\index.js:284:15\n    at Function.process_params (D:\\Darshan\\squad_2_backend\\node_modules\\express\\lib\\router\\index.js:346:12)\n    at next (D:\\Darshan\\squad_2_backend\\node_modules\\express\\lib\\router\\index.js:280:10)\n    at Function.handle (D:\\Darshan\\squad_2_backend\\node_modules\\express\\lib\\router\\index.js:175:3)\n    at router (D:\\Darshan\\squad_2_backend\\node_modules\\express\\lib\\router\\index.js:47:12)","timestamp":"2025-01-10T09:22:23.694Z"}
{"level":"info","message":"Server running on port http://localhost:4000","timestamp":"2025-01-10T09:27:51.134Z"}
{"level":"info","message":"Swagger docs available at http://localhost:4000/api-docs","timestamp":"2025-01-10T09:27:51.140Z"}
{"level":"info","message":"MongoDB connected","timestamp":"2025-01-10T09:28:04.272Z"}
{"level":"info","message":"Fetching all patients","timestamp":"2025-01-10T09:28:11.672Z"}
{"level":"error","message":"Error fetching users: Cannot read properties of undefined (reading 'find')","stack":"TypeError: Cannot read properties of undefined (reading 'find')\n    at getAllPatients (D:\\Darshan\\squad_2_backend\\controllers\\userController.js:56:37)\n    at Layer.handle [as handle_request] (D:\\Darshan\\squad_2_backend\\node_modules\\express\\lib\\router\\layer.js:95:5)\n    at next (D:\\Darshan\\squad_2_backend\\node_modules\\express\\lib\\router\\route.js:149:13)\n    at Route.dispatch (D:\\Darshan\\squad_2_backend\\node_modules\\express\\lib\\router\\route.js:119:3)\n    at Layer.handle [as handle_request] (D:\\Darshan\\squad_2_backend\\node_modules\\express\\lib\\router\\layer.js:95:5)\n    at D:\\Darshan\\squad_2_backend\\node_modules\\express\\lib\\router\\index.js:284:15\n    at Function.process_params (D:\\Darshan\\squad_2_backend\\node_modules\\express\\lib\\router\\index.js:346:12)\n    at next (D:\\Darshan\\squad_2_backend\\node_modules\\express\\lib\\router\\index.js:280:10)\n    at Function.handle (D:\\Darshan\\squad_2_backend\\node_modules\\express\\lib\\router\\index.js:175:3)\n    at router (D:\\Darshan\\squad_2_backend\\node_modules\\express\\lib\\router\\index.js:47:12)","timestamp":"2025-01-10T09:28:11.674Z"}
{"level":"info","message":"Server running on port http://localhost:4000","timestamp":"2025-01-10T09:32:28.435Z"}
{"level":"info","message":"Swagger docs available at http://localhost:4000/api-docs","timestamp":"2025-01-10T09:32:28.443Z"}
{"level":"info","message":"MongoDB connected","timestamp":"2025-01-10T09:32:31.791Z"}
{"level":"info","message":"Fetching all patients","timestamp":"2025-01-10T09:32:38.982Z"}
{"level":"info","message":"Server running on port http://localhost:4000","timestamp":"2025-01-10T09:33:39.288Z"}
{"level":"info","message":"Swagger docs available at http://localhost:4000/api-docs","timestamp":"2025-01-10T09:33:39.294Z"}
{"level":"info","message":"MongoDB connected","timestamp":"2025-01-10T09:33:54.212Z"}
{"level":"info","message":"Server running on port http://localhost:4000","timestamp":"2025-01-10T09:36:46.758Z"}
{"level":"info","message":"Swagger docs available at http://localhost:4000/api-docs","timestamp":"2025-01-10T09:36:46.765Z"}
{"level":"info","message":"MongoDB connected","timestamp":"2025-01-10T09:37:01.372Z"}
{"level":"info","message":"Server running on port http://localhost:4000","timestamp":"2025-01-10T09:37:11.470Z"}
{"level":"info","message":"Swagger docs available at http://localhost:4000/api-docs","timestamp":"2025-01-10T09:37:11.477Z"}
{"level":"info","message":"MongoDB connected","timestamp":"2025-01-10T09:37:15.241Z"}
{"level":"info","message":"Fetching all patients","timestamp":"2025-01-10T09:37:37.675Z"}
{"level":"info","message":"Server running on port http://localhost:4000","timestamp":"2025-01-10T09:39:25.994Z"}
{"level":"info","message":"Swagger docs available at http://localhost:4000/api-docs","timestamp":"2025-01-10T09:39:25.999Z"}
{"level":"info","message":"MongoDB connected","timestamp":"2025-01-10T09:39:40.799Z"}
{"level":"info","message":"Server running on port http://localhost:4000","timestamp":"2025-01-10T09:43:09.470Z"}
{"level":"info","message":"Swagger docs available at http://localhost:4000/api-docs","timestamp":"2025-01-10T09:43:09.477Z"}
{"level":"info","message":"MongoDB connected","timestamp":"2025-01-10T09:43:35.600Z"}
{"level":"info","message":"Fetching all patients","timestamp":"2025-01-10T10:07:13.609Z"}
{"level":"info","message":"Server running on port http://localhost:4000","timestamp":"2025-01-10T10:17:58.525Z"}
{"level":"info","message":"Swagger docs available at http://localhost:4000/api-docs","timestamp":"2025-01-10T10:17:58.531Z"}
{"code":"EREFUSED","hostname":"_mongodb._tcp.cluster0.jgw8y.mongodb.net","level":"error","message":"MongoDB connection error: querySrv EREFUSED _mongodb._tcp.cluster0.jgw8y.mongodb.net","stack":"Error: querySrv EREFUSED _mongodb._tcp.cluster0.jgw8y.mongodb.net\n    at QueryReqWrap.onresolve [as oncomplete] (node:internal/dns/promises:293:17)","syscall":"querySrv","timestamp":"2025-01-10T10:18:00.783Z"}
{"level":"info","message":"Server running on port http://localhost:4000","timestamp":"2025-01-10T10:18:12.571Z"}
{"level":"info","message":"Swagger docs available at http://localhost:4000/api-docs","timestamp":"2025-01-10T10:18:12.577Z"}
{"level":"info","message":"MongoDB connected","timestamp":"2025-01-10T10:18:37.781Z"}
{"email":"rama@gmail.com","level":"info","message":"User logged in successfully","timestamp":"2025-01-10T10:18:45.415Z"}
